Block I Apollo Guidance Computer (AGC4) assembler version 1.6

First pass: generate symbol table.
Second pass: generate object code.

                          ; AGC Programming Style example (file:loop2.asm)
                          ; 
                          ; Test Results:
                          ; 
                          ;	xval	A	(A=after CCS)
                          ;	----	- 
                          ;	5	4 
                          ;	4	3 
                          ;	3	2 
                          ;	2	1 
                          ;	1	0 
                          ;	0	0 
                          
                                         ORG      EXTENDER       
05777    5777     47777 0                DS       %47777         ; needed for EXTEND
                          
                                         ORG      %100           
00100    0100     00000 1 xval           DS       0              ; somewhere in eraseable memory
                          ; ----------------------------------------------
                                         ORG      GOPROG         
                          
                          ; Decrementing loop:
                          ;	- always executes at least once (tests at end of loop)
                                         -        loops          
*** ERROR: - undefined.
                          
02000    2000 3  1,2010 1                XCH      xstart         
02001    2001 5  0,0100 0                TS       xval           
                          
                          goback         EQU      *              
02002    2002 1  0,0100 1                CCS      xval           
02003    2003 0  1,2005 0                TC       inloop         
02004    2004 0  1,2007 1                TC       done           
                          inloop         EQU      *              
02005    2005 5  0,0100 0                TS       xval           
                          ; do something useful (OK to change register A)
02006    2006 0  1,2002 1                TC       goback         
                          ; ----------------------------------------------
                          
                          done           EQU      *              
02007    2007 0  1,2007 1                TC       done           
                          
02010    2010     00005 1 xstart         DS       5              ; somewhere in fixed memory

Assembly complete. Errors = 1

Symbol table:
EXTENDER       005777   xval           000100   GOPROG         002000   
goback         002002   inloop         002005   done           002007   
xstart         002010   